<?xml version="1.0" encoding="UTF-8"?>
<!-- Generated by org.testng.reporters.JUnitReportReporter -->
<testsuite hostname="liuze-cyts" name="com.aoyou.test.cases.productWebsiteLogicService.GetPackageProductPriceList001" tests="1" failures="0" timestamp="14 Sep 2015 01:45:16 GMT" time="2.170" errors="0">
  <testcase name="getPackageProductPriceList001" time="2.170" classname="com.aoyou.test.cases.productWebsiteLogicService.GetPackageProductPriceList001"/>
</testsuite> <!-- com.aoyou.test.cases.productWebsiteLogicService.GetPackageProductPriceList001 -->
