<?xml version="1.0" encoding="UTF-8"?>
<!-- Generated by org.testng.reporters.JUnitReportReporter -->
<testsuite hostname="renwei-PC" name="com.aoyou.test.cases.orderservice.GetFrontTourOrderList001" tests="1" failures="0" timestamp="14 Jan 2016 06:33:19 GMT" time="0.649" errors="0">
  <testcase name="getFrontTourOrderList001" time="0.649" classname="com.aoyou.test.cases.orderservice.GetFrontTourOrderList001"/>
</testsuite> <!-- com.aoyou.test.cases.orderservice.GetFrontTourOrderList001 -->
