<?xml version="1.0" encoding="UTF-8"?>
<!-- Generated by org.testng.reporters.JUnitReportReporter -->
<testsuite hostname="renwei-PC" name="com.aoyou.test.cases.productWebsiteLogicService.GetGroupProductPriceCalendar001" tests="1" failures="0" timestamp="19 Nov 2015 01:50:41 GMT" time="0.700" errors="0">
  <testcase name="getGroupProductPriceCalendar001" time="0.700" classname="com.aoyou.test.cases.productWebsiteLogicService.GetGroupProductPriceCalendar001"/>
</testsuite> <!-- com.aoyou.test.cases.productWebsiteLogicService.GetGroupProductPriceCalendar001 -->
