<?xml version="1.0" encoding="UTF-8"?>
<!-- Generated by org.testng.reporters.JUnitReportReporter -->
<testsuite hostname="renwei-PC" name="com.aoyou.test.cases.productWebsiteLogicService.GetPackageJourneyPrintInfo001" tests="1" failures="0" timestamp="19 Nov 2015 01:52:05 GMT" time="2.818" errors="0">
  <testcase name="getPackageJourneyPrintInfo001" time="2.818" classname="com.aoyou.test.cases.productWebsiteLogicService.GetPackageJourneyPrintInfo001"/>
</testsuite> <!-- com.aoyou.test.cases.productWebsiteLogicService.GetPackageJourneyPrintInfo001 -->
