<?xml version="1.0" encoding="UTF-8"?>
<!-- Generated by org.testng.reporters.JUnitReportReporter -->
<testsuite hostname="liuze-cyts" name="com.aoyou.test.cases.productWebsiteLogicService.GetPackageProduct001" tests="1" failures="0" timestamp="14 Sep 2015 02:07:05 GMT" time="8.038" errors="0">
  <testcase name="getPackageProduct001" time="8.038" classname="com.aoyou.test.cases.productWebsiteLogicService.GetPackageProduct001"/>
</testsuite> <!-- com.aoyou.test.cases.productWebsiteLogicService.GetPackageProduct001 -->
