<?xml version="1.0" encoding="UTF-8"?>
<!-- Generated by org.testng.reporters.JUnitReportReporter -->
<testsuite hostname="renwei-PC" name="com.aoyou.test.cases.productWebsiteLogicService.GetGroupProductBookingInfo001" tests="1" failures="0" timestamp="19 Nov 2015 01:51:20 GMT" time="0.808" errors="0">
  <testcase name="getGroupProductBookingInfo001" time="0.808" classname="com.aoyou.test.cases.productWebsiteLogicService.GetGroupProductBookingInfo001"/>
</testsuite> <!-- com.aoyou.test.cases.productWebsiteLogicService.GetGroupProductBookingInfo001 -->
