<?xml version="1.0" encoding="UTF-8"?>
<!-- Generated by org.testng.reporters.JUnitReportReporter -->
<testsuite hostname="renwei-PC" name="com.aoyou.test.cases.ProductLogicService.GetAirSolutionViewList001" tests="1" failures="0" timestamp="12 Jan 2016 02:13:28 GMT" time="2.821" errors="0">
  <testcase name="getAirSolutionViewList001" time="2.821" classname="com.aoyou.test.cases.ProductLogicService.GetAirSolutionViewList001"/>
</testsuite> <!-- com.aoyou.test.cases.ProductLogicService.GetAirSolutionViewList001 -->
