<?xml version="1.0" encoding="UTF-8"?>
<!-- Generated by org.testng.reporters.JUnitReportReporter -->
<testsuite hostname="liuze-cyts" name="com.aoyou.test.cases.productWebsiteLogicService.GetPackageProductFlag001" tests="1" failures="0" timestamp="7 Sep 2015 07:32:56 GMT" time="0.934" errors="0">
  <testcase name="getPackageProductFlag001" time="0.934" classname="com.aoyou.test.cases.productWebsiteLogicService.GetPackageProductFlag001"/>
</testsuite> <!-- com.aoyou.test.cases.productWebsiteLogicService.GetPackageProductFlag001 -->
