<?xml version="1.0" encoding="UTF-8"?>
<!-- Generated by org.testng.reporters.JUnitReportReporter -->
<testsuite hostname="liuze-cyts" name="com.aoyou.test.cases.productWebsiteLogicService.GetPackageProductPriceByDate001" tests="1" failures="0" timestamp="7 Sep 2015 09:02:01 GMT" time="1.924" errors="0">
  <testcase name="getPackageProductPriceByDate001" time="1.924" classname="com.aoyou.test.cases.productWebsiteLogicService.GetPackageProductPriceByDate001"/>
</testsuite> <!-- com.aoyou.test.cases.productWebsiteLogicService.GetPackageProductPriceByDate001 -->
