<?xml version="1.0" encoding="UTF-8"?>
<!-- Generated by org.testng.reporters.JUnitReportReporter -->
<testsuite hostname="liuze-cyts" name="com.aoyou.test.util.Random" tests="1" failures="0" timestamp="8 Sep 2015 03:32:35 GMT" time="0.009" errors="0">
  <testcase name="test" time="0.009" classname="com.aoyou.test.util.Random"/>
</testsuite> <!-- com.aoyou.test.util.Random -->
