<?xml version="1.0" encoding="UTF-8"?>
<!-- Generated by org.testng.reporters.JUnitReportReporter -->
<testsuite hostname="renwei-PC" name="com.aoyou.test.cases.productWebsiteLogicService.GetPackageJourneyPrintInfo002" tests="1" failures="0" timestamp="19 Nov 2015 01:52:34 GMT" time="1.882" errors="0">
  <testcase name="getPackageJourneyPrintInfo002" time="1.882" classname="com.aoyou.test.cases.productWebsiteLogicService.GetPackageJourneyPrintInfo002"/>
</testsuite> <!-- com.aoyou.test.cases.productWebsiteLogicService.GetPackageJourneyPrintInfo002 -->
