<?xml version="1.0" encoding="UTF-8"?>
<!-- Generated by org.testng.reporters.JUnitReportReporter -->
<testsuite hostname="renwei-PC" name="com.aoyou.test.cases.bookingWebsiteLogicService.VisaOrderReserve001" tests="1" failures="0" timestamp="13 Jan 2016 01:26:25 GMT" time="0.804" errors="0">
  <testcase name="visaOrderReserve001" time="0.804" classname="com.aoyou.test.cases.bookingWebsiteLogicService.VisaOrderReserve001"/>
</testsuite> <!-- com.aoyou.test.cases.bookingWebsiteLogicService.VisaOrderReserve001 -->
