<?xml version="1.0" encoding="UTF-8"?>
<!-- Generated by org.testng.reporters.JUnitReportReporter -->
<testsuite hostname="liuze-cyts" name="com.aoyou.test.cases.searchWebsiteLogicService.ss" tests="1" failures="0" timestamp="8 Sep 2015 03:44:56 GMT" time="7.102" errors="0">
  <testcase name="test" time="7.102" classname="com.aoyou.test.cases.searchWebsiteLogicService.ss"/>
</testsuite> <!-- com.aoyou.test.cases.searchWebsiteLogicService.ss -->
