<?xml version="1.0" encoding="UTF-8"?>
<!-- Generated by org.testng.reporters.JUnitReportReporter -->
<testsuite hostname="liuze-cyts" name="com.aoyou.test.cases.productWebsiteLogicService.GetPackageSnapshot001" tests="1" failures="0" timestamp="14 Sep 2015 02:11:12 GMT" time="7.513" errors="0">
  <testcase name="getPackageSnapshot001" time="7.513" classname="com.aoyou.test.cases.productWebsiteLogicService.GetPackageSnapshot001"/>
</testsuite> <!-- com.aoyou.test.cases.productWebsiteLogicService.GetPackageSnapshot001 -->
