<?xml version="1.0" encoding="UTF-8"?>
<!-- Generated by org.testng.reporters.JUnitReportReporter -->
<testsuite hostname="liuze-cyts" name="com.aoyou.test.cases.productWebsiteLogicService.GetPackageProductForReserve001" tests="1" failures="0" timestamp="7 Sep 2015 03:18:03 GMT" time="2.102" errors="0">
  <testcase name="getPackageProductForReserve001" time="2.102" classname="com.aoyou.test.cases.productWebsiteLogicService.GetPackageProductForReserve001"/>
</testsuite> <!-- com.aoyou.test.cases.productWebsiteLogicService.GetPackageProductForReserve001 -->
