<?xml version="1.0" encoding="UTF-8"?>
<!-- Generated by org.testng.reporters.JUnitReportReporter -->
<testsuite hostname="liuze-cyts" name="com.aoyou.test.cases.productWebsiteLogicService.GetPackageProductBookingInfo001" tests="1" failures="0" timestamp="14 Sep 2015 02:05:30 GMT" time="7.573" errors="0">
  <testcase name="getPackageProductBookingInfo001" time="7.573" classname="com.aoyou.test.cases.productWebsiteLogicService.GetPackageProductBookingInfo001"/>
</testsuite> <!-- com.aoyou.test.cases.productWebsiteLogicService.GetPackageProductBookingInfo001 -->
